[N02_Humidity 474d8bd] AutoCommit Sat 16 Dec 18:38:02 GMT 2023
 2 files changed, 5 insertions(+)
 create mode 100644 config.ini
 create mode 100644 run.log
[N02_Humidity 065ff36] AutoCommit Sat 16 Dec 18:39:01 GMT 2023
 1 file changed, 4 insertions(+)
[N02_Humidity 8f89fa3] AutoCommit Sat 16 Dec 18:40:01 GMT 2023
 1 file changed, 2 insertions(+)
[N02_Humidity 4b28e08] AutoCommit Sat 16 Dec 18:41:01 GMT 2023
 1 file changed, 2 insertions(+)
[N02_Humidity ebcdf44] AutoCommit Sat 16 Dec 18:42:01 GMT 2023
 1 file changed, 2 insertions(+)
[N02_Humidity 32dc785] AutoCommit Sat 16 Dec 18:43:01 GMT 2023
 1 file changed, 2 insertions(+)
[N02_Humidity ab5c1c2] AutoCommit Sat 16 Dec 18:44:02 GMT 2023
 1 file changed, 2 insertions(+)
[N02_Humidity c2783e9] AutoCommit Sat 16 Dec 18:45:01 GMT 2023
 1 file changed, 2 insertions(+)
[N02_Humidity 81519b3] AutoCommit Sat 16 Dec 18:46:02 GMT 2023
 1 file changed, 2 insertions(+)
[N02_Humidity b19abc2] AutoCommit Sat 16 Dec 18:47:01 GMT 2023
 1 file changed, 2 insertions(+)
